$**************  SCADETOC Version 2019 R3 (build 20190802) **************
** Generation date: 2020-02-29T16:05:29
** Command: scade -code "C:\Users\USER\Documents\Scade Proyectos\final\TramwayDoorController\TramwayDoorController.etp" -root Button -conf Simulation -sim -all
*************************************************************$
*** Generated Files Information (GENFIL): KCG- Generated files
  at file C:\Users\USER\Documents\Scade Proyectos\final\TramwayDoorController\Simulation\mapping.xml, line 0, character 0
 ~mapping.xml
  at file C:\Users\USER\Documents\Scade Proyectos\final\TramwayDoorController\Simulation\kcg_metrics.txt, line 0, character 0
 ~kcg_metrics.txt
  at file C:\Users\USER\Documents\Scade Proyectos\final\TramwayDoorController\Simulation\Button.c, line 0, character 0
 ~Button.c
  at file C:\Users\USER\Documents\Scade Proyectos\final\TramwayDoorController\Simulation\Button.h, line 0, character 0
 ~Button.h
  at file C:\Users\USER\Documents\Scade Proyectos\final\TramwayDoorController\Simulation\kcg_types.h, line 0, character 0
 ~kcg_types.h
  at file C:\Users\USER\Documents\Scade Proyectos\final\TramwayDoorController\Simulation\kcg_consts.h, line 0, character 0
 ~kcg_consts.h
  at file C:\Users\USER\Documents\Scade Proyectos\final\TramwayDoorController\Simulation\kcg_sensors.h, line 0, character 0
 ~kcg_sensors.h
  at file C:\Users\USER\Documents\Scade Proyectos\final\TramwayDoorController\Simulation\kcg_types.c, line 0, character 0
 ~kcg_types.c
  at file C:\Users\USER\Documents\Scade Proyectos\final\TramwayDoorController\Simulation\kcg_consts.c, line 0, character 0
 ~kcg_consts.c
  at file C:\Users\USER\Documents\Scade Proyectos\final\TramwayDoorController\Simulation\config.txt, line 0, character 0
 ~config.txt
*** Generated Files Information (GENFIL): Code Generator Generated files
  at file C:\Users\USER\Documents\Scade Proyectos\final\TramwayDoorController\Simulation\user_macros.h, line 0, character 0
 ~user_macros.h
  at file C:\Users\USER\Documents\Scade Proyectos\final\TramwayDoorController\Simulation\kcg_imported_types.h, line 0, character 0
 ~kcg_imported_types.h
  at file C:\Users\USER\Documents\Scade Proyectos\final\TramwayDoorController\Simulation\sc2c.log, line 0, character 0
 ~sc2c.log
  at file C:\Users\USER\Documents\Scade Proyectos\final\TramwayDoorController\Simulation\sc2c_integration_files.txt, line 0, character 0
 ~sc2c_integration_files.txt
*** Generated Files Information (GENFIL): Type Utils Generated files
  at file C:\Users\USER\Documents\Scade Proyectos\final\TramwayDoorController\Simulation\TramwayDoorController_type.h, line 0, character 0
 ~TramwayDoorController_type.h
  at file C:\Users\USER\Documents\Scade Proyectos\final\TramwayDoorController\Simulation\TramwayDoorController_type.c, line 0, character 0
 ~TramwayDoorController_type.c
*** Generated Files Information (GENFIL): Mapping Utils Generated files
  at file C:\Users\USER\Documents\Scade Proyectos\final\TramwayDoorController\Simulation\TramwayDoorController_mapping.h, line 0, character 0
 ~TramwayDoorController_mapping.h
  at file C:\Users\USER\Documents\Scade Proyectos\final\TramwayDoorController\Simulation\TramwayDoorController_mapping.c, line 0, character 0
 ~TramwayDoorController_mapping.c
*** Generated Files Information (GENFIL): Simulator Generated files
  at file C:\Users\USER\Documents\Scade Proyectos\final\TramwayDoorController\Simulation\TramwayDoorController_interface.h, line 0, character 0
 ~TramwayDoorController_interface.h
  at file C:\Users\USER\Documents\Scade Proyectos\final\TramwayDoorController\Simulation\TramwayDoorController_interface.c, line 0, character 0
 ~TramwayDoorController_interface.c
  at file C:\Users\USER\Documents\Scade Proyectos\final\TramwayDoorController\Simulation\TramwayDoorController_dll.c, line 0, character 0
 ~TramwayDoorController_dll.c
*** Generated Files Information (GENFIL): Build Generated files
  at file C:\Users\USER\Documents\Scade Proyectos\final\TramwayDoorController\Simulation\Makefile_win64, line 0, character 0
 ~Makefile_win64
  at file C:\Users\USER\Documents\Scade Proyectos\final\TramwayDoorController\Simulation\Button.dll, line 0, character 0
 ~Button.dll
  at file C:\Users\USER\Documents\Scade Proyectos\final\TramwayDoorController\Simulation\Button.exe, line 0, character 0
 ~Button.exe
$**************  SCADETOC Version 2019 R3 (build 20190802) **************
** Generation date: 2020-02-29T16:05:47
** sc2c.log
*************************************************************$
